2020-10-22 14:21:14 [main] INFO  com.example.demo.DemoApplicationTests Line:50  - Starting DemoApplicationTests on MS-UFIYVLDHDZMG with PID 4320 (started by Administrator in D:\boot-nacos-master)
2020-10-22 14:21:14 [main] INFO  com.example.demo.DemoApplicationTests Line:679 - The following profiles are active: dev
2020-10-22 14:21:17 [main] INFO  com.alibaba.nacos.client.identify.CredentialWatcher Line:99  - [] [] [] No credential found
2020-10-22 14:21:22 [main] WARN  com.alibaba.nacos.spring.core.env.AnnotationNacosPropertySourceBuilder Line:155 - There is no content for NacosPropertySource from dataId[database] , groupId[DEFAULT_GROUP] , properties[{encode=${nacos.encode:UTF-8}, namespace=${nacos.namespace:}, contextPath=${nacos.context-path:}, endpoint=${nacos.endpoint:}, accessKey=${nacos.access-key:}, secretKey=${nacos.secret-key:}, serverAddr=${nacos.server-addr:}, clusterName=${nacos.cluster-name:}}].
2020-10-22 14:21:23 [main] INFO  org.springframework.context.support.PostProcessorRegistrationDelegate$BeanPostProcessorChecker Line:330 - Bean 'org.springframework.transaction.annotation.ProxyTransactionManagementConfiguration' of type [org.springframework.transaction.annotation.ProxyTransactionManagementConfiguration$$EnhancerBySpringCGLIB$$6c188849] is not eligible for getting processed by all BeanPostProcessors (for example: not eligible for auto-proxying)
2020-10-22 14:21:23 [main] WARN  org.springframework.web.context.support.GenericWebApplicationContext Line:557 - Exception encountered during context initialization - cancelling refresh attempt: org.springframework.beans.factory.BeanCreationException: Error creating bean with name 'databaseConfig': Injection of @com.alibaba.nacos.api.config.annotation.NacosValue dependencies is failed; nested exception is java.lang.IllegalArgumentException: Could not resolve placeholder 'driver_class_name' in value "${driver_class_name}"
2020-10-22 14:21:23 [main] INFO  com.alibaba.nacos.spring.context.annotation.config.NacosValueAnnotationBeanPostProcessor Line:276 - class com.alibaba.nacos.spring.context.annotation.config.NacosValueAnnotationBeanPostProcessor was destroying!
2020-10-22 14:21:23 [main] INFO  com.alibaba.nacos.spring.beans.factory.annotation.AnnotationNacosInjectedBeanPostProcessor Line:276 - class com.alibaba.nacos.spring.beans.factory.annotation.AnnotationNacosInjectedBeanPostProcessor was destroying!
2020-10-22 14:21:23 [main] INFO  org.springframework.boot.autoconfigure.logging.ConditionEvaluationReportLoggingListener Line:142 - 

Error starting ApplicationContext. To display the conditions report re-run your application with 'debug' enabled.
2020-10-22 14:21:23 [main] ERROR org.springframework.boot.SpringApplication Line:858 - Application run failed
org.springframework.beans.factory.BeanCreationException: Error creating bean with name 'databaseConfig': Injection of @com.alibaba.nacos.api.config.annotation.NacosValue dependencies is failed; nested exception is java.lang.IllegalArgumentException: Could not resolve placeholder 'driver_class_name' in value "${driver_class_name}"
	at com.alibaba.spring.beans.factory.annotation.AnnotationInjectedBeanPostProcessor.postProcessPropertyValues(AnnotationInjectedBeanPostProcessor.java:122)
	at org.springframework.beans.factory.support.AbstractAutowireCapableBeanFactory.populateBean(AbstractAutowireCapableBeanFactory.java:1400)
	at org.springframework.beans.factory.support.AbstractAutowireCapableBeanFactory.doCreateBean(AbstractAutowireCapableBeanFactory.java:592)
	at org.springframework.beans.factory.support.AbstractAutowireCapableBeanFactory.createBean(AbstractAutowireCapableBeanFactory.java:515)
	at org.springframework.beans.factory.support.AbstractBeanFactory.lambda$doGetBean$0(AbstractBeanFactory.java:320)
	at org.springframework.beans.factory.support.DefaultSingletonBeanRegistry.getSingleton(DefaultSingletonBeanRegistry.java:222)
	at org.springframework.beans.factory.support.AbstractBeanFactory.doGetBean(AbstractBeanFactory.java:318)
	at org.springframework.beans.factory.support.AbstractBeanFactory.getBean(AbstractBeanFactory.java:199)
	at org.springframework.beans.factory.support.DefaultListableBeanFactory.preInstantiateSingletons(DefaultListableBeanFactory.java:849)
	at org.springframework.context.support.AbstractApplicationContext.finishBeanFactoryInitialization(AbstractApplicationContext.java:877)
	at org.springframework.context.support.AbstractApplicationContext.refresh(AbstractApplicationContext.java:549)
	at org.springframework.boot.SpringApplication.refresh(SpringApplication.java:775)
	at org.springframework.boot.SpringApplication.refreshContext(SpringApplication.java:397)
	at org.springframework.boot.SpringApplication.run(SpringApplication.java:316)
	at org.springframework.boot.test.context.SpringBootContextLoader.loadContext(SpringBootContextLoader.java:127)
	at org.springframework.test.context.cache.DefaultCacheAwareContextLoaderDelegate.loadContextInternal(DefaultCacheAwareContextLoaderDelegate.java:99)
	at org.springframework.test.context.cache.DefaultCacheAwareContextLoaderDelegate.loadContext(DefaultCacheAwareContextLoaderDelegate.java:117)
	at org.springframework.test.context.support.DefaultTestContext.getApplicationContext(DefaultTestContext.java:108)
	at org.springframework.test.context.web.ServletTestExecutionListener.setUpRequestContextIfNecessary(ServletTestExecutionListener.java:190)
	at org.springframework.test.context.web.ServletTestExecutionListener.prepareTestInstance(ServletTestExecutionListener.java:132)
	at org.springframework.test.context.TestContextManager.prepareTestInstance(TestContextManager.java:246)
	at org.springframework.test.context.junit4.SpringJUnit4ClassRunner.createTest(SpringJUnit4ClassRunner.java:227)
	at org.springframework.test.context.junit4.SpringJUnit4ClassRunner$1.runReflectiveCall(SpringJUnit4ClassRunner.java:289)
	at org.junit.internal.runners.model.ReflectiveCallable.run(ReflectiveCallable.java:12)
	at org.springframework.test.context.junit4.SpringJUnit4ClassRunner.methodBlock(SpringJUnit4ClassRunner.java:291)
	at org.springframework.test.context.junit4.SpringJUnit4ClassRunner.runChild(SpringJUnit4ClassRunner.java:246)
	at org.springframework.test.context.junit4.SpringJUnit4ClassRunner.runChild(SpringJUnit4ClassRunner.java:97)
	at org.junit.runners.ParentRunner$3.run(ParentRunner.java:290)
	at org.junit.runners.ParentRunner$1.schedule(ParentRunner.java:71)
	at org.junit.runners.ParentRunner.runChildren(ParentRunner.java:288)
	at org.junit.runners.ParentRunner.access$000(ParentRunner.java:58)
	at org.junit.runners.ParentRunner$2.evaluate(ParentRunner.java:268)
	at org.springframework.test.context.junit4.statements.RunBeforeTestClassCallbacks.evaluate(RunBeforeTestClassCallbacks.java:61)
	at org.springframework.test.context.junit4.statements.RunAfterTestClassCallbacks.evaluate(RunAfterTestClassCallbacks.java:70)
	at org.junit.runners.ParentRunner.run(ParentRunner.java:363)
	at org.springframework.test.context.junit4.SpringJUnit4ClassRunner.run(SpringJUnit4ClassRunner.java:190)
	at org.junit.runner.JUnitCore.run(JUnitCore.java:137)
	at com.intellij.junit4.JUnit4IdeaTestRunner.startRunnerWithArgs(JUnit4IdeaTestRunner.java:68)
	at com.intellij.rt.junit.IdeaTestRunner$Repeater.startRunnerWithArgs(IdeaTestRunner.java:33)
	at com.intellij.rt.junit.JUnitStarter.prepareStreamsAndStart(JUnitStarter.java:230)
	at com.intellij.rt.junit.JUnitStarter.main(JUnitStarter.java:58)
Caused by: java.lang.IllegalArgumentException: Could not resolve placeholder 'driver_class_name' in value "${driver_class_name}"
	at org.springframework.util.PropertyPlaceholderHelper.parseStringValue(PropertyPlaceholderHelper.java:172)
	at org.springframework.util.PropertyPlaceholderHelper.replacePlaceholders(PropertyPlaceholderHelper.java:124)
	at org.springframework.core.env.AbstractPropertyResolver.doResolvePlaceholders(AbstractPropertyResolver.java:237)
	at org.springframework.core.env.AbstractPropertyResolver.resolveRequiredPlaceholders(AbstractPropertyResolver.java:211)
	at org.springframework.context.support.PropertySourcesPlaceholderConfigurer.lambda$processProperties$0(PropertySourcesPlaceholderConfigurer.java:175)
	at org.springframework.beans.factory.support.AbstractBeanFactory.resolveEmbeddedValue(AbstractBeanFactory.java:851)
	at com.alibaba.nacos.spring.context.annotation.config.NacosValueAnnotationBeanPostProcessor.doGetInjectedBean(NacosValueAnnotationBeanPostProcessor.java:82)
	at com.alibaba.nacos.spring.context.annotation.config.NacosValueAnnotationBeanPostProcessor.doGetInjectedBean(NacosValueAnnotationBeanPostProcessor.java:54)
	at com.alibaba.spring.beans.factory.annotation.AnnotationInjectedBeanPostProcessor.getInjectedObject(AnnotationInjectedBeanPostProcessor.java:330)
	at com.alibaba.spring.beans.factory.annotation.AnnotationInjectedBeanPostProcessor$AnnotatedFieldElement.inject(AnnotationInjectedBeanPostProcessor.java:510)
	at org.springframework.beans.factory.annotation.InjectionMetadata.inject(InjectionMetadata.java:90)
	at com.alibaba.spring.beans.factory.annotation.AnnotationInjectedBeanPostProcessor.postProcessPropertyValues(AnnotationInjectedBeanPostProcessor.java:118)
	... 40 common frames omitted
2020-10-22 14:21:23 [main] ERROR org.springframework.test.context.TestContextManager Line:250 - Caught exception while allowing TestExecutionListener [org.springframework.test.context.web.ServletTestExecutionListener@64cd705f] to prepare test instance [com.example.demo.DemoApplicationTests@bb095]
java.lang.IllegalStateException: Failed to load ApplicationContext
	at org.springframework.test.context.cache.DefaultCacheAwareContextLoaderDelegate.loadContext(DefaultCacheAwareContextLoaderDelegate.java:125)
	at org.springframework.test.context.support.DefaultTestContext.getApplicationContext(DefaultTestContext.java:108)
	at org.springframework.test.context.web.ServletTestExecutionListener.setUpRequestContextIfNecessary(ServletTestExecutionListener.java:190)
	at org.springframework.test.context.web.ServletTestExecutionListener.prepareTestInstance(ServletTestExecutionListener.java:132)
	at org.springframework.test.context.TestContextManager.prepareTestInstance(TestContextManager.java:246)
	at org.springframework.test.context.junit4.SpringJUnit4ClassRunner.createTest(SpringJUnit4ClassRunner.java:227)
	at org.springframework.test.context.junit4.SpringJUnit4ClassRunner$1.runReflectiveCall(SpringJUnit4ClassRunner.java:289)
	at org.junit.internal.runners.model.ReflectiveCallable.run(ReflectiveCallable.java:12)
	at org.springframework.test.context.junit4.SpringJUnit4ClassRunner.methodBlock(SpringJUnit4ClassRunner.java:291)
	at org.springframework.test.context.junit4.SpringJUnit4ClassRunner.runChild(SpringJUnit4ClassRunner.java:246)
	at org.springframework.test.context.junit4.SpringJUnit4ClassRunner.runChild(SpringJUnit4ClassRunner.java:97)
	at org.junit.runners.ParentRunner$3.run(ParentRunner.java:290)
	at org.junit.runners.ParentRunner$1.schedule(ParentRunner.java:71)
	at org.junit.runners.ParentRunner.runChildren(ParentRunner.java:288)
	at org.junit.runners.ParentRunner.access$000(ParentRunner.java:58)
	at org.junit.runners.ParentRunner$2.evaluate(ParentRunner.java:268)
	at org.springframework.test.context.junit4.statements.RunBeforeTestClassCallbacks.evaluate(RunBeforeTestClassCallbacks.java:61)
	at org.springframework.test.context.junit4.statements.RunAfterTestClassCallbacks.evaluate(RunAfterTestClassCallbacks.java:70)
	at org.junit.runners.ParentRunner.run(ParentRunner.java:363)
	at org.springframework.test.context.junit4.SpringJUnit4ClassRunner.run(SpringJUnit4ClassRunner.java:190)
	at org.junit.runner.JUnitCore.run(JUnitCore.java:137)
	at com.intellij.junit4.JUnit4IdeaTestRunner.startRunnerWithArgs(JUnit4IdeaTestRunner.java:68)
	at com.intellij.rt.junit.IdeaTestRunner$Repeater.startRunnerWithArgs(IdeaTestRunner.java:33)
	at com.intellij.rt.junit.JUnitStarter.prepareStreamsAndStart(JUnitStarter.java:230)
	at com.intellij.rt.junit.JUnitStarter.main(JUnitStarter.java:58)
Caused by: org.springframework.beans.factory.BeanCreationException: Error creating bean with name 'databaseConfig': Injection of @com.alibaba.nacos.api.config.annotation.NacosValue dependencies is failed; nested exception is java.lang.IllegalArgumentException: Could not resolve placeholder 'driver_class_name' in value "${driver_class_name}"
	at com.alibaba.spring.beans.factory.annotation.AnnotationInjectedBeanPostProcessor.postProcessPropertyValues(AnnotationInjectedBeanPostProcessor.java:122)
	at org.springframework.beans.factory.support.AbstractAutowireCapableBeanFactory.populateBean(AbstractAutowireCapableBeanFactory.java:1400)
	at org.springframework.beans.factory.support.AbstractAutowireCapableBeanFactory.doCreateBean(AbstractAutowireCapableBeanFactory.java:592)
	at org.springframework.beans.factory.support.AbstractAutowireCapableBeanFactory.createBean(AbstractAutowireCapableBeanFactory.java:515)
	at org.springframework.beans.factory.support.AbstractBeanFactory.lambda$doGetBean$0(AbstractBeanFactory.java:320)
	at org.springframework.beans.factory.support.DefaultSingletonBeanRegistry.getSingleton(DefaultSingletonBeanRegistry.java:222)
	at org.springframework.beans.factory.support.AbstractBeanFactory.doGetBean(AbstractBeanFactory.java:318)
	at org.springframework.beans.factory.support.AbstractBeanFactory.getBean(AbstractBeanFactory.java:199)
	at org.springframework.beans.factory.support.DefaultListableBeanFactory.preInstantiateSingletons(DefaultListableBeanFactory.java:849)
	at org.springframework.context.support.AbstractApplicationContext.finishBeanFactoryInitialization(AbstractApplicationContext.java:877)
	at org.springframework.context.support.AbstractApplicationContext.refresh(AbstractApplicationContext.java:549)
	at org.springframework.boot.SpringApplication.refresh(SpringApplication.java:775)
	at org.springframework.boot.SpringApplication.refreshContext(SpringApplication.java:397)
	at org.springframework.boot.SpringApplication.run(SpringApplication.java:316)
	at org.springframework.boot.test.context.SpringBootContextLoader.loadContext(SpringBootContextLoader.java:127)
	at org.springframework.test.context.cache.DefaultCacheAwareContextLoaderDelegate.loadContextInternal(DefaultCacheAwareContextLoaderDelegate.java:99)
	at org.springframework.test.context.cache.DefaultCacheAwareContextLoaderDelegate.loadContext(DefaultCacheAwareContextLoaderDelegate.java:117)
	... 24 common frames omitted
Caused by: java.lang.IllegalArgumentException: Could not resolve placeholder 'driver_class_name' in value "${driver_class_name}"
	at org.springframework.util.PropertyPlaceholderHelper.parseStringValue(PropertyPlaceholderHelper.java:172)
	at org.springframework.util.PropertyPlaceholderHelper.replacePlaceholders(PropertyPlaceholderHelper.java:124)
	at org.springframework.core.env.AbstractPropertyResolver.doResolvePlaceholders(AbstractPropertyResolver.java:237)
	at org.springframework.core.env.AbstractPropertyResolver.resolveRequiredPlaceholders(AbstractPropertyResolver.java:211)
	at org.springframework.context.support.PropertySourcesPlaceholderConfigurer.lambda$processProperties$0(PropertySourcesPlaceholderConfigurer.java:175)
	at org.springframework.beans.factory.support.AbstractBeanFactory.resolveEmbeddedValue(AbstractBeanFactory.java:851)
	at com.alibaba.nacos.spring.context.annotation.config.NacosValueAnnotationBeanPostProcessor.doGetInjectedBean(NacosValueAnnotationBeanPostProcessor.java:82)
	at com.alibaba.nacos.spring.context.annotation.config.NacosValueAnnotationBeanPostProcessor.doGetInjectedBean(NacosValueAnnotationBeanPostProcessor.java:54)
	at com.alibaba.spring.beans.factory.annotation.AnnotationInjectedBeanPostProcessor.getInjectedObject(AnnotationInjectedBeanPostProcessor.java:330)
	at com.alibaba.spring.beans.factory.annotation.AnnotationInjectedBeanPostProcessor$AnnotatedFieldElement.inject(AnnotationInjectedBeanPostProcessor.java:510)
	at org.springframework.beans.factory.annotation.InjectionMetadata.inject(InjectionMetadata.java:90)
	at com.alibaba.spring.beans.factory.annotation.AnnotationInjectedBeanPostProcessor.postProcessPropertyValues(AnnotationInjectedBeanPostProcessor.java:118)
	... 40 common frames omitted
2020-10-22 14:28:25 [restartedMain] INFO  com.example.demo.DemoApplication Line:50  - Starting DemoApplication on MS-UFIYVLDHDZMG with PID 5304 (D:\boot-nacos-master\target\classes started by Administrator in D:\boot-nacos-master)
2020-10-22 14:28:25 [restartedMain] INFO  com.example.demo.DemoApplication Line:679 - The following profiles are active: dev
2020-10-22 14:28:25 [restartedMain] INFO  org.springframework.boot.devtools.env.DevToolsPropertyDefaultsPostProcessor Line:227 - Devtools property defaults active! Set 'spring.devtools.add-properties' to 'false' to disable
2020-10-22 14:28:25 [restartedMain] INFO  org.springframework.boot.devtools.env.DevToolsPropertyDefaultsPostProcessor Line:227 - For additional web related logging consider setting the 'logging.level.web' property to 'DEBUG'
2020-10-22 14:28:27 [restartedMain] INFO  com.alibaba.nacos.client.identify.CredentialWatcher Line:99  - [] [] [] No credential found
2020-10-22 14:28:32 [restartedMain] WARN  com.alibaba.nacos.spring.core.env.AnnotationNacosPropertySourceBuilder Line:155 - There is no content for NacosPropertySource from dataId[database] , groupId[DEFAULT_GROUP] , properties[{encode=${nacos.encode:UTF-8}, endpoint=${nacos.endpoint:}, accessKey=${nacos.access-key:}, secretKey=${nacos.secret-key:}, serverAddr=${nacos.server-addr:}, contextPath=${nacos.context-path:}, clusterName=${nacos.cluster-name:}, namespace=${nacos.namespace:}}].
2020-10-22 14:28:33 [restartedMain] INFO  org.springframework.context.support.PostProcessorRegistrationDelegate$BeanPostProcessorChecker Line:330 - Bean 'org.springframework.transaction.annotation.ProxyTransactionManagementConfiguration' of type [org.springframework.transaction.annotation.ProxyTransactionManagementConfiguration$$EnhancerBySpringCGLIB$$bb027f9f] is not eligible for getting processed by all BeanPostProcessors (for example: not eligible for auto-proxying)
2020-10-22 14:28:34 [restartedMain] INFO  org.springframework.boot.web.embedded.tomcat.TomcatWebServer Line:90  - Tomcat initialized with port(s): 8080 (http)
2020-10-22 14:28:34 [restartedMain] INFO  org.apache.coyote.http11.Http11NioProtocol Line:173 - Initializing ProtocolHandler ["http-nio-0.0.0.0-8080"]
2020-10-22 14:28:34 [restartedMain] INFO  org.apache.catalina.core.StandardService Line:173 - Starting service [Tomcat]
2020-10-22 14:28:34 [restartedMain] INFO  org.apache.catalina.core.StandardEngine Line:173 - Starting Servlet engine: [Apache Tomcat/9.0.16]
2020-10-22 14:28:34 [restartedMain] INFO  org.apache.catalina.core.AprLifecycleListener Line:173 - The APR based Apache Tomcat Native library which allows optimal performance in production environments was not found on the java.library.path: [C:\Program Files\Java\jdk1.8.0_191\bin;C:\Windows\Sun\Java\bin;C:\Windows\system32;C:\Windows;C:\Windows\system32;C:\Windows;C:\Windows\System32\Wbem;C:\Windows\System32\WindowsPowerShell\v1.0\;C:\Program Files\Java\jdk1.8.0_191\bin;C:\Program Files\Java\jdk1.8.0_191\jre\bin;C:\Program Files\erl-23.0\bin;C:\Program Files\RabbitMQ Server\rabbitmq_server-3.8.5\sbin;C:\Program Files\erl-23.0\bin;D:\node\;C:\Program Files\Git\cmd;C:\Users\Administrator\AppData\Roaming\npm;.]
2020-10-22 14:28:34 [restartedMain] INFO  org.apache.catalina.core.ContainerBase.[Tomcat].[localhost].[/] Line:173 - Initializing Spring embedded WebApplicationContext
2020-10-22 14:28:34 [restartedMain] INFO  org.springframework.web.context.ContextLoader Line:296 - Root WebApplicationContext: initialization completed in 8947 ms
2020-10-22 14:28:35 [restartedMain] WARN  org.springframework.boot.web.servlet.context.AnnotationConfigServletWebServerApplicationContext Line:557 - Exception encountered during context initialization - cancelling refresh attempt: org.springframework.beans.factory.BeanCreationException: Error creating bean with name 'databaseConfig': Injection of @com.alibaba.nacos.api.config.annotation.NacosValue dependencies is failed; nested exception is java.lang.IllegalArgumentException: Could not resolve placeholder 'driver_class_name' in value "${driver_class_name}"
2020-10-22 14:28:35 [restartedMain] INFO  com.alibaba.nacos.spring.context.annotation.config.NacosValueAnnotationBeanPostProcessor Line:276 - class com.alibaba.nacos.spring.context.annotation.config.NacosValueAnnotationBeanPostProcessor was destroying!
2020-10-22 14:28:35 [restartedMain] INFO  com.alibaba.nacos.spring.beans.factory.annotation.AnnotationNacosInjectedBeanPostProcessor Line:276 - class com.alibaba.nacos.spring.beans.factory.annotation.AnnotationNacosInjectedBeanPostProcessor was destroying!
2020-10-22 14:28:35 [restartedMain] INFO  org.apache.catalina.core.StandardService Line:173 - Stopping service [Tomcat]
2020-10-22 14:28:35 [restartedMain] INFO  org.springframework.boot.autoconfigure.logging.ConditionEvaluationReportLoggingListener Line:142 - 

Error starting ApplicationContext. To display the conditions report re-run your application with 'debug' enabled.
2020-10-22 14:28:35 [restartedMain] ERROR org.springframework.boot.SpringApplication Line:858 - Application run failed
org.springframework.beans.factory.BeanCreationException: Error creating bean with name 'databaseConfig': Injection of @com.alibaba.nacos.api.config.annotation.NacosValue dependencies is failed; nested exception is java.lang.IllegalArgumentException: Could not resolve placeholder 'driver_class_name' in value "${driver_class_name}"
	at com.alibaba.spring.beans.factory.annotation.AnnotationInjectedBeanPostProcessor.postProcessPropertyValues(AnnotationInjectedBeanPostProcessor.java:122)
	at org.springframework.beans.factory.support.AbstractAutowireCapableBeanFactory.populateBean(AbstractAutowireCapableBeanFactory.java:1400)
	at org.springframework.beans.factory.support.AbstractAutowireCapableBeanFactory.doCreateBean(AbstractAutowireCapableBeanFactory.java:592)
	at org.springframework.beans.factory.support.AbstractAutowireCapableBeanFactory.createBean(AbstractAutowireCapableBeanFactory.java:515)
	at org.springframework.beans.factory.support.AbstractBeanFactory.lambda$doGetBean$0(AbstractBeanFactory.java:320)
	at org.springframework.beans.factory.support.DefaultSingletonBeanRegistry.getSingleton(DefaultSingletonBeanRegistry.java:222)
	at org.springframework.beans.factory.support.AbstractBeanFactory.doGetBean(AbstractBeanFactory.java:318)
	at org.springframework.beans.factory.support.AbstractBeanFactory.getBean(AbstractBeanFactory.java:199)
	at org.springframework.beans.factory.support.DefaultListableBeanFactory.preInstantiateSingletons(DefaultListableBeanFactory.java:849)
	at org.springframework.context.support.AbstractApplicationContext.finishBeanFactoryInitialization(AbstractApplicationContext.java:877)
	at org.springframework.context.support.AbstractApplicationContext.refresh(AbstractApplicationContext.java:549)
	at org.springframework.boot.web.servlet.context.ServletWebServerApplicationContext.refresh(ServletWebServerApplicationContext.java:142)
	at org.springframework.boot.SpringApplication.refresh(SpringApplication.java:775)
	at org.springframework.boot.SpringApplication.refreshContext(SpringApplication.java:397)
	at org.springframework.boot.SpringApplication.run(SpringApplication.java:316)
	at org.springframework.boot.SpringApplication.run(SpringApplication.java:1260)
	at org.springframework.boot.SpringApplication.run(SpringApplication.java:1248)
	at com.example.demo.DemoApplication.main(DemoApplication.java:10)
	at sun.reflect.NativeMethodAccessorImpl.invoke0(Native Method)
	at sun.reflect.NativeMethodAccessorImpl.invoke(NativeMethodAccessorImpl.java:62)
	at sun.reflect.DelegatingMethodAccessorImpl.invoke(DelegatingMethodAccessorImpl.java:43)
	at java.lang.reflect.Method.invoke(Method.java:498)
	at org.springframework.boot.devtools.restart.RestartLauncher.run(RestartLauncher.java:49)
Caused by: java.lang.IllegalArgumentException: Could not resolve placeholder 'driver_class_name' in value "${driver_class_name}"
	at org.springframework.util.PropertyPlaceholderHelper.parseStringValue(PropertyPlaceholderHelper.java:172)
	at org.springframework.util.PropertyPlaceholderHelper.replacePlaceholders(PropertyPlaceholderHelper.java:124)
	at org.springframework.core.env.AbstractPropertyResolver.doResolvePlaceholders(AbstractPropertyResolver.java:237)
	at org.springframework.core.env.AbstractPropertyResolver.resolveRequiredPlaceholders(AbstractPropertyResolver.java:211)
	at org.springframework.context.support.PropertySourcesPlaceholderConfigurer.lambda$processProperties$0(PropertySourcesPlaceholderConfigurer.java:175)
	at org.springframework.beans.factory.support.AbstractBeanFactory.resolveEmbeddedValue(AbstractBeanFactory.java:851)
	at com.alibaba.nacos.spring.context.annotation.config.NacosValueAnnotationBeanPostProcessor.doGetInjectedBean(NacosValueAnnotationBeanPostProcessor.java:82)
	at com.alibaba.nacos.spring.context.annotation.config.NacosValueAnnotationBeanPostProcessor.doGetInjectedBean(NacosValueAnnotationBeanPostProcessor.java:54)
	at com.alibaba.spring.beans.factory.annotation.AnnotationInjectedBeanPostProcessor.getInjectedObject(AnnotationInjectedBeanPostProcessor.java:330)
	at com.alibaba.spring.beans.factory.annotation.AnnotationInjectedBeanPostProcessor$AnnotatedFieldElement.inject(AnnotationInjectedBeanPostProcessor.java:510)
	at org.springframework.beans.factory.annotation.InjectionMetadata.inject(InjectionMetadata.java:90)
	at com.alibaba.spring.beans.factory.annotation.AnnotationInjectedBeanPostProcessor.postProcessPropertyValues(AnnotationInjectedBeanPostProcessor.java:118)
	... 22 common frames omitted
2020-10-22 14:32:44 [main] INFO  com.example.demo.DemoApplicationTests Line:50  - Starting DemoApplicationTests on MS-UFIYVLDHDZMG with PID 5064 (started by Administrator in D:\boot-nacos-master)
2020-10-22 14:32:44 [main] INFO  com.example.demo.DemoApplicationTests Line:679 - The following profiles are active: dev
2020-10-22 14:32:45 [main] INFO  com.alibaba.nacos.client.identify.CredentialWatcher Line:99  - [] [] [] No credential found
2020-10-22 14:32:50 [main] WARN  com.alibaba.nacos.spring.core.env.AnnotationNacosPropertySourceBuilder Line:155 - There is no content for NacosPropertySource from dataId[database] , groupId[DEFAULT_GROUP] , properties[{encode=${nacos.encode:UTF-8}, endpoint=${nacos.endpoint:}, accessKey=${nacos.access-key:}, secretKey=${nacos.secret-key:}, serverAddr=${nacos.server-addr:}, clusterName=${nacos.cluster-name:}, namespace=${nacos.namespace:}, contextPath=${nacos.context-path:}}].
2020-10-22 14:32:51 [main] INFO  org.springframework.context.support.PostProcessorRegistrationDelegate$BeanPostProcessorChecker Line:330 - Bean 'org.springframework.transaction.annotation.ProxyTransactionManagementConfiguration' of type [org.springframework.transaction.annotation.ProxyTransactionManagementConfiguration$$EnhancerBySpringCGLIB$$3f35298e] is not eligible for getting processed by all BeanPostProcessors (for example: not eligible for auto-proxying)
2020-10-22 14:32:52 [main] WARN  org.springframework.web.context.support.GenericWebApplicationContext Line:557 - Exception encountered during context initialization - cancelling refresh attempt: org.springframework.beans.factory.BeanCreationException: Error creating bean with name 'databaseConfig': Injection of @com.alibaba.nacos.api.config.annotation.NacosValue dependencies is failed; nested exception is java.lang.IllegalArgumentException: Could not resolve placeholder 'driver_class_name' in value "${driver_class_name}"
2020-10-22 14:32:52 [main] INFO  com.alibaba.nacos.spring.context.annotation.config.NacosValueAnnotationBeanPostProcessor Line:276 - class com.alibaba.nacos.spring.context.annotation.config.NacosValueAnnotationBeanPostProcessor was destroying!
2020-10-22 14:32:52 [main] INFO  com.alibaba.nacos.spring.beans.factory.annotation.AnnotationNacosInjectedBeanPostProcessor Line:276 - class com.alibaba.nacos.spring.beans.factory.annotation.AnnotationNacosInjectedBeanPostProcessor was destroying!
2020-10-22 14:32:52 [main] INFO  org.springframework.boot.autoconfigure.logging.ConditionEvaluationReportLoggingListener Line:142 - 

Error starting ApplicationContext. To display the conditions report re-run your application with 'debug' enabled.
2020-10-22 14:32:52 [main] ERROR org.springframework.boot.SpringApplication Line:858 - Application run failed
org.springframework.beans.factory.BeanCreationException: Error creating bean with name 'databaseConfig': Injection of @com.alibaba.nacos.api.config.annotation.NacosValue dependencies is failed; nested exception is java.lang.IllegalArgumentException: Could not resolve placeholder 'driver_class_name' in value "${driver_class_name}"
	at com.alibaba.spring.beans.factory.annotation.AnnotationInjectedBeanPostProcessor.postProcessPropertyValues(AnnotationInjectedBeanPostProcessor.java:122)
	at org.springframework.beans.factory.support.AbstractAutowireCapableBeanFactory.populateBean(AbstractAutowireCapableBeanFactory.java:1400)
	at org.springframework.beans.factory.support.AbstractAutowireCapableBeanFactory.doCreateBean(AbstractAutowireCapableBeanFactory.java:592)
	at org.springframework.beans.factory.support.AbstractAutowireCapableBeanFactory.createBean(AbstractAutowireCapableBeanFactory.java:515)
	at org.springframework.beans.factory.support.AbstractBeanFactory.lambda$doGetBean$0(AbstractBeanFactory.java:320)
	at org.springframework.beans.factory.support.DefaultSingletonBeanRegistry.getSingleton(DefaultSingletonBeanRegistry.java:222)
	at org.springframework.beans.factory.support.AbstractBeanFactory.doGetBean(AbstractBeanFactory.java:318)
	at org.springframework.beans.factory.support.AbstractBeanFactory.getBean(AbstractBeanFactory.java:199)
	at org.springframework.beans.factory.support.DefaultListableBeanFactory.preInstantiateSingletons(DefaultListableBeanFactory.java:849)
	at org.springframework.context.support.AbstractApplicationContext.finishBeanFactoryInitialization(AbstractApplicationContext.java:877)
	at org.springframework.context.support.AbstractApplicationContext.refresh(AbstractApplicationContext.java:549)
	at org.springframework.boot.SpringApplication.refresh(SpringApplication.java:775)
	at org.springframework.boot.SpringApplication.refreshContext(SpringApplication.java:397)
	at org.springframework.boot.SpringApplication.run(SpringApplication.java:316)
	at org.springframework.boot.test.context.SpringBootContextLoader.loadContext(SpringBootContextLoader.java:127)
	at org.springframework.test.context.cache.DefaultCacheAwareContextLoaderDelegate.loadContextInternal(DefaultCacheAwareContextLoaderDelegate.java:99)
	at org.springframework.test.context.cache.DefaultCacheAwareContextLoaderDelegate.loadContext(DefaultCacheAwareContextLoaderDelegate.java:117)
	at org.springframework.test.context.support.DefaultTestContext.getApplicationContext(DefaultTestContext.java:108)
	at org.springframework.test.context.web.ServletTestExecutionListener.setUpRequestContextIfNecessary(ServletTestExecutionListener.java:190)
	at org.springframework.test.context.web.ServletTestExecutionListener.prepareTestInstance(ServletTestExecutionListener.java:132)
	at org.springframework.test.context.TestContextManager.prepareTestInstance(TestContextManager.java:246)
	at org.springframework.test.context.junit4.SpringJUnit4ClassRunner.createTest(SpringJUnit4ClassRunner.java:227)
	at org.springframework.test.context.junit4.SpringJUnit4ClassRunner$1.runReflectiveCall(SpringJUnit4ClassRunner.java:289)
	at org.junit.internal.runners.model.ReflectiveCallable.run(ReflectiveCallable.java:12)
	at org.springframework.test.context.junit4.SpringJUnit4ClassRunner.methodBlock(SpringJUnit4ClassRunner.java:291)
	at org.springframework.test.context.junit4.SpringJUnit4ClassRunner.runChild(SpringJUnit4ClassRunner.java:246)
	at org.springframework.test.context.junit4.SpringJUnit4ClassRunner.runChild(SpringJUnit4ClassRunner.java:97)
	at org.junit.runners.ParentRunner$3.run(ParentRunner.java:290)
	at org.junit.runners.ParentRunner$1.schedule(ParentRunner.java:71)
	at org.junit.runners.ParentRunner.runChildren(ParentRunner.java:288)
	at org.junit.runners.ParentRunner.access$000(ParentRunner.java:58)
	at org.junit.runners.ParentRunner$2.evaluate(ParentRunner.java:268)
	at org.springframework.test.context.junit4.statements.RunBeforeTestClassCallbacks.evaluate(RunBeforeTestClassCallbacks.java:61)
	at org.springframework.test.context.junit4.statements.RunAfterTestClassCallbacks.evaluate(RunAfterTestClassCallbacks.java:70)
	at org.junit.runners.ParentRunner.run(ParentRunner.java:363)
	at org.springframework.test.context.junit4.SpringJUnit4ClassRunner.run(SpringJUnit4ClassRunner.java:190)
	at org.junit.runner.JUnitCore.run(JUnitCore.java:137)
	at com.intellij.junit4.JUnit4IdeaTestRunner.startRunnerWithArgs(JUnit4IdeaTestRunner.java:68)
	at com.intellij.rt.junit.IdeaTestRunner$Repeater.startRunnerWithArgs(IdeaTestRunner.java:33)
	at com.intellij.rt.junit.JUnitStarter.prepareStreamsAndStart(JUnitStarter.java:230)
	at com.intellij.rt.junit.JUnitStarter.main(JUnitStarter.java:58)
Caused by: java.lang.IllegalArgumentException: Could not resolve placeholder 'driver_class_name' in value "${driver_class_name}"
	at org.springframework.util.PropertyPlaceholderHelper.parseStringValue(PropertyPlaceholderHelper.java:172)
	at org.springframework.util.PropertyPlaceholderHelper.replacePlaceholders(PropertyPlaceholderHelper.java:124)
	at org.springframework.core.env.AbstractPropertyResolver.doResolvePlaceholders(AbstractPropertyResolver.java:237)
	at org.springframework.core.env.AbstractPropertyResolver.resolveRequiredPlaceholders(AbstractPropertyResolver.java:211)
	at org.springframework.context.support.PropertySourcesPlaceholderConfigurer.lambda$processProperties$0(PropertySourcesPlaceholderConfigurer.java:175)
	at org.springframework.beans.factory.support.AbstractBeanFactory.resolveEmbeddedValue(AbstractBeanFactory.java:851)
	at com.alibaba.nacos.spring.context.annotation.config.NacosValueAnnotationBeanPostProcessor.doGetInjectedBean(NacosValueAnnotationBeanPostProcessor.java:82)
	at com.alibaba.nacos.spring.context.annotation.config.NacosValueAnnotationBeanPostProcessor.doGetInjectedBean(NacosValueAnnotationBeanPostProcessor.java:54)
	at com.alibaba.spring.beans.factory.annotation.AnnotationInjectedBeanPostProcessor.getInjectedObject(AnnotationInjectedBeanPostProcessor.java:330)
	at com.alibaba.spring.beans.factory.annotation.AnnotationInjectedBeanPostProcessor$AnnotatedFieldElement.inject(AnnotationInjectedBeanPostProcessor.java:510)
	at org.springframework.beans.factory.annotation.InjectionMetadata.inject(InjectionMetadata.java:90)
	at com.alibaba.spring.beans.factory.annotation.AnnotationInjectedBeanPostProcessor.postProcessPropertyValues(AnnotationInjectedBeanPostProcessor.java:118)
	... 40 common frames omitted
2020-10-22 14:32:52 [main] ERROR org.springframework.test.context.TestContextManager Line:250 - Caught exception while allowing TestExecutionListener [org.springframework.test.context.web.ServletTestExecutionListener@64cd705f] to prepare test instance [com.example.demo.DemoApplicationTests@63e5e5b4]
java.lang.IllegalStateException: Failed to load ApplicationContext
	at org.springframework.test.context.cache.DefaultCacheAwareContextLoaderDelegate.loadContext(DefaultCacheAwareContextLoaderDelegate.java:125)
	at org.springframework.test.context.support.DefaultTestContext.getApplicationContext(DefaultTestContext.java:108)
	at org.springframework.test.context.web.ServletTestExecutionListener.setUpRequestContextIfNecessary(ServletTestExecutionListener.java:190)
	at org.springframework.test.context.web.ServletTestExecutionListener.prepareTestInstance(ServletTestExecutionListener.java:132)
	at org.springframework.test.context.TestContextManager.prepareTestInstance(TestContextManager.java:246)
	at org.springframework.test.context.junit4.SpringJUnit4ClassRunner.createTest(SpringJUnit4ClassRunner.java:227)
	at org.springframework.test.context.junit4.SpringJUnit4ClassRunner$1.runReflectiveCall(SpringJUnit4ClassRunner.java:289)
	at org.junit.internal.runners.model.ReflectiveCallable.run(ReflectiveCallable.java:12)
	at org.springframework.test.context.junit4.SpringJUnit4ClassRunner.methodBlock(SpringJUnit4ClassRunner.java:291)
	at org.springframework.test.context.junit4.SpringJUnit4ClassRunner.runChild(SpringJUnit4ClassRunner.java:246)
	at org.springframework.test.context.junit4.SpringJUnit4ClassRunner.runChild(SpringJUnit4ClassRunner.java:97)
	at org.junit.runners.ParentRunner$3.run(ParentRunner.java:290)
	at org.junit.runners.ParentRunner$1.schedule(ParentRunner.java:71)
	at org.junit.runners.ParentRunner.runChildren(ParentRunner.java:288)
	at org.junit.runners.ParentRunner.access$000(ParentRunner.java:58)
	at org.junit.runners.ParentRunner$2.evaluate(ParentRunner.java:268)
	at org.springframework.test.context.junit4.statements.RunBeforeTestClassCallbacks.evaluate(RunBeforeTestClassCallbacks.java:61)
	at org.springframework.test.context.junit4.statements.RunAfterTestClassCallbacks.evaluate(RunAfterTestClassCallbacks.java:70)
	at org.junit.runners.ParentRunner.run(ParentRunner.java:363)
	at org.springframework.test.context.junit4.SpringJUnit4ClassRunner.run(SpringJUnit4ClassRunner.java:190)
	at org.junit.runner.JUnitCore.run(JUnitCore.java:137)
	at com.intellij.junit4.JUnit4IdeaTestRunner.startRunnerWithArgs(JUnit4IdeaTestRunner.java:68)
	at com.intellij.rt.junit.IdeaTestRunner$Repeater.startRunnerWithArgs(IdeaTestRunner.java:33)
	at com.intellij.rt.junit.JUnitStarter.prepareStreamsAndStart(JUnitStarter.java:230)
	at com.intellij.rt.junit.JUnitStarter.main(JUnitStarter.java:58)
Caused by: org.springframework.beans.factory.BeanCreationException: Error creating bean with name 'databaseConfig': Injection of @com.alibaba.nacos.api.config.annotation.NacosValue dependencies is failed; nested exception is java.lang.IllegalArgumentException: Could not resolve placeholder 'driver_class_name' in value "${driver_class_name}"
	at com.alibaba.spring.beans.factory.annotation.AnnotationInjectedBeanPostProcessor.postProcessPropertyValues(AnnotationInjectedBeanPostProcessor.java:122)
	at org.springframework.beans.factory.support.AbstractAutowireCapableBeanFactory.populateBean(AbstractAutowireCapableBeanFactory.java:1400)
	at org.springframework.beans.factory.support.AbstractAutowireCapableBeanFactory.doCreateBean(AbstractAutowireCapableBeanFactory.java:592)
	at org.springframework.beans.factory.support.AbstractAutowireCapableBeanFactory.createBean(AbstractAutowireCapableBeanFactory.java:515)
	at org.springframework.beans.factory.support.AbstractBeanFactory.lambda$doGetBean$0(AbstractBeanFactory.java:320)
	at org.springframework.beans.factory.support.DefaultSingletonBeanRegistry.getSingleton(DefaultSingletonBeanRegistry.java:222)
	at org.springframework.beans.factory.support.AbstractBeanFactory.doGetBean(AbstractBeanFactory.java:318)
	at org.springframework.beans.factory.support.AbstractBeanFactory.getBean(AbstractBeanFactory.java:199)
	at org.springframework.beans.factory.support.DefaultListableBeanFactory.preInstantiateSingletons(DefaultListableBeanFactory.java:849)
	at org.springframework.context.support.AbstractApplicationContext.finishBeanFactoryInitialization(AbstractApplicationContext.java:877)
	at org.springframework.context.support.AbstractApplicationContext.refresh(AbstractApplicationContext.java:549)
	at org.springframework.boot.SpringApplication.refresh(SpringApplication.java:775)
	at org.springframework.boot.SpringApplication.refreshContext(SpringApplication.java:397)
	at org.springframework.boot.SpringApplication.run(SpringApplication.java:316)
	at org.springframework.boot.test.context.SpringBootContextLoader.loadContext(SpringBootContextLoader.java:127)
	at org.springframework.test.context.cache.DefaultCacheAwareContextLoaderDelegate.loadContextInternal(DefaultCacheAwareContextLoaderDelegate.java:99)
	at org.springframework.test.context.cache.DefaultCacheAwareContextLoaderDelegate.loadContext(DefaultCacheAwareContextLoaderDelegate.java:117)
	... 24 common frames omitted
Caused by: java.lang.IllegalArgumentException: Could not resolve placeholder 'driver_class_name' in value "${driver_class_name}"
	at org.springframework.util.PropertyPlaceholderHelper.parseStringValue(PropertyPlaceholderHelper.java:172)
	at org.springframework.util.PropertyPlaceholderHelper.replacePlaceholders(PropertyPlaceholderHelper.java:124)
	at org.springframework.core.env.AbstractPropertyResolver.doResolvePlaceholders(AbstractPropertyResolver.java:237)
	at org.springframework.core.env.AbstractPropertyResolver.resolveRequiredPlaceholders(AbstractPropertyResolver.java:211)
	at org.springframework.context.support.PropertySourcesPlaceholderConfigurer.lambda$processProperties$0(PropertySourcesPlaceholderConfigurer.java:175)
	at org.springframework.beans.factory.support.AbstractBeanFactory.resolveEmbeddedValue(AbstractBeanFactory.java:851)
	at com.alibaba.nacos.spring.context.annotation.config.NacosValueAnnotationBeanPostProcessor.doGetInjectedBean(NacosValueAnnotationBeanPostProcessor.java:82)
	at com.alibaba.nacos.spring.context.annotation.config.NacosValueAnnotationBeanPostProcessor.doGetInjectedBean(NacosValueAnnotationBeanPostProcessor.java:54)
	at com.alibaba.spring.beans.factory.annotation.AnnotationInjectedBeanPostProcessor.getInjectedObject(AnnotationInjectedBeanPostProcessor.java:330)
	at com.alibaba.spring.beans.factory.annotation.AnnotationInjectedBeanPostProcessor$AnnotatedFieldElement.inject(AnnotationInjectedBeanPostProcessor.java:510)
	at org.springframework.beans.factory.annotation.InjectionMetadata.inject(InjectionMetadata.java:90)
	at com.alibaba.spring.beans.factory.annotation.AnnotationInjectedBeanPostProcessor.postProcessPropertyValues(AnnotationInjectedBeanPostProcessor.java:118)
	... 40 common frames omitted
2020-10-22 20:23:40 [restartedMain] INFO  com.example.demo.DemoApplication Line:50  - Starting DemoApplication on MS-UFIYVLDHDZMG with PID 1852 (D:\boot-nacos-master\target\classes started by Administrator in D:\boot-nacos-master)
2020-10-22 20:23:40 [restartedMain] INFO  com.example.demo.DemoApplication Line:679 - The following profiles are active: dev
2020-10-22 20:23:40 [restartedMain] INFO  org.springframework.boot.devtools.env.DevToolsPropertyDefaultsPostProcessor Line:227 - Devtools property defaults active! Set 'spring.devtools.add-properties' to 'false' to disable
2020-10-22 20:23:40 [restartedMain] INFO  org.springframework.boot.devtools.env.DevToolsPropertyDefaultsPostProcessor Line:227 - For additional web related logging consider setting the 'logging.level.web' property to 'DEBUG'
2020-10-22 20:23:44 [restartedMain] INFO  com.alibaba.nacos.client.identify.CredentialWatcher Line:99  - [] [] [] No credential found
2020-10-22 20:23:44 [restartedMain] WARN  com.alibaba.nacos.spring.core.env.AnnotationNacosPropertySourceBuilder Line:155 - There is no content for NacosPropertySource from dataId[database] , groupId[DEFAULT_GROUP] , properties[{encode=${nacos.encode:UTF-8}, namespace=${nacos.namespace:}, endpoint=${nacos.endpoint:}, accessKey=${nacos.access-key:}, secretKey=${nacos.secret-key:}, serverAddr=${nacos.server-addr:}, contextPath=${nacos.context-path:}, clusterName=${nacos.cluster-name:}}].
2020-10-22 20:23:45 [restartedMain] INFO  org.springframework.context.support.PostProcessorRegistrationDelegate$BeanPostProcessorChecker Line:330 - Bean 'org.springframework.transaction.annotation.ProxyTransactionManagementConfiguration' of type [org.springframework.transaction.annotation.ProxyTransactionManagementConfiguration$$EnhancerBySpringCGLIB$$a652aa78] is not eligible for getting processed by all BeanPostProcessors (for example: not eligible for auto-proxying)
2020-10-22 20:23:47 [restartedMain] INFO  org.springframework.boot.web.embedded.tomcat.TomcatWebServer Line:90  - Tomcat initialized with port(s): 8080 (http)
2020-10-22 20:23:47 [restartedMain] INFO  org.apache.coyote.http11.Http11NioProtocol Line:173 - Initializing ProtocolHandler ["http-nio-0.0.0.0-8080"]
2020-10-22 20:23:47 [restartedMain] INFO  org.apache.catalina.core.StandardService Line:173 - Starting service [Tomcat]
2020-10-22 20:23:47 [restartedMain] INFO  org.apache.catalina.core.StandardEngine Line:173 - Starting Servlet engine: [Apache Tomcat/9.0.16]
2020-10-22 20:23:47 [restartedMain] INFO  org.apache.catalina.core.AprLifecycleListener Line:173 - The APR based Apache Tomcat Native library which allows optimal performance in production environments was not found on the java.library.path: [C:\Program Files\Java\jdk1.8.0_191\bin;C:\Windows\Sun\Java\bin;C:\Windows\system32;C:\Windows;C:\Windows\system32;C:\Windows;C:\Windows\System32\Wbem;C:\Windows\System32\WindowsPowerShell\v1.0\;C:\Program Files\Java\jdk1.8.0_191\bin;C:\Program Files\Java\jdk1.8.0_191\jre\bin;C:\Program Files\erl-23.0\bin;C:\Program Files\RabbitMQ Server\rabbitmq_server-3.8.5\sbin;C:\Program Files\erl-23.0\bin;D:\node\;C:\Program Files\Git\cmd;C:\Users\Administrator\AppData\Roaming\npm;.]
2020-10-22 20:23:48 [restartedMain] INFO  org.apache.catalina.core.ContainerBase.[Tomcat].[localhost].[/] Line:173 - Initializing Spring embedded WebApplicationContext
2020-10-22 20:23:48 [restartedMain] INFO  org.springframework.web.context.ContextLoader Line:296 - Root WebApplicationContext: initialization completed in 7728 ms
2020-10-22 20:23:48 [restartedMain] WARN  org.springframework.boot.web.servlet.context.AnnotationConfigServletWebServerApplicationContext Line:557 - Exception encountered during context initialization - cancelling refresh attempt: org.springframework.beans.factory.BeanCreationException: Error creating bean with name 'databaseConfig': Injection of @com.alibaba.nacos.api.config.annotation.NacosValue dependencies is failed; nested exception is java.lang.IllegalArgumentException: Could not resolve placeholder 'driver_class_name' in value "${driver_class_name}"
2020-10-22 20:23:48 [restartedMain] INFO  com.alibaba.nacos.spring.context.annotation.config.NacosValueAnnotationBeanPostProcessor Line:276 - class com.alibaba.nacos.spring.context.annotation.config.NacosValueAnnotationBeanPostProcessor was destroying!
2020-10-22 20:23:48 [restartedMain] INFO  com.alibaba.nacos.spring.beans.factory.annotation.AnnotationNacosInjectedBeanPostProcessor Line:276 - class com.alibaba.nacos.spring.beans.factory.annotation.AnnotationNacosInjectedBeanPostProcessor was destroying!
2020-10-22 20:23:48 [restartedMain] INFO  org.apache.catalina.core.StandardService Line:173 - Stopping service [Tomcat]
2020-10-22 20:23:49 [restartedMain] INFO  org.springframework.boot.autoconfigure.logging.ConditionEvaluationReportLoggingListener Line:142 - 

Error starting ApplicationContext. To display the conditions report re-run your application with 'debug' enabled.
2020-10-22 20:23:49 [restartedMain] ERROR org.springframework.boot.SpringApplication Line:858 - Application run failed
org.springframework.beans.factory.BeanCreationException: Error creating bean with name 'databaseConfig': Injection of @com.alibaba.nacos.api.config.annotation.NacosValue dependencies is failed; nested exception is java.lang.IllegalArgumentException: Could not resolve placeholder 'driver_class_name' in value "${driver_class_name}"
	at com.alibaba.spring.beans.factory.annotation.AnnotationInjectedBeanPostProcessor.postProcessPropertyValues(AnnotationInjectedBeanPostProcessor.java:122)
	at org.springframework.beans.factory.support.AbstractAutowireCapableBeanFactory.populateBean(AbstractAutowireCapableBeanFactory.java:1400)
	at org.springframework.beans.factory.support.AbstractAutowireCapableBeanFactory.doCreateBean(AbstractAutowireCapableBeanFactory.java:592)
	at org.springframework.beans.factory.support.AbstractAutowireCapableBeanFactory.createBean(AbstractAutowireCapableBeanFactory.java:515)
	at org.springframework.beans.factory.support.AbstractBeanFactory.lambda$doGetBean$0(AbstractBeanFactory.java:320)
	at org.springframework.beans.factory.support.DefaultSingletonBeanRegistry.getSingleton(DefaultSingletonBeanRegistry.java:222)
	at org.springframework.beans.factory.support.AbstractBeanFactory.doGetBean(AbstractBeanFactory.java:318)
	at org.springframework.beans.factory.support.AbstractBeanFactory.getBean(AbstractBeanFactory.java:199)
	at org.springframework.beans.factory.support.DefaultListableBeanFactory.preInstantiateSingletons(DefaultListableBeanFactory.java:849)
	at org.springframework.context.support.AbstractApplicationContext.finishBeanFactoryInitialization(AbstractApplicationContext.java:877)
	at org.springframework.context.support.AbstractApplicationContext.refresh(AbstractApplicationContext.java:549)
	at org.springframework.boot.web.servlet.context.ServletWebServerApplicationContext.refresh(ServletWebServerApplicationContext.java:142)
	at org.springframework.boot.SpringApplication.refresh(SpringApplication.java:775)
	at org.springframework.boot.SpringApplication.refreshContext(SpringApplication.java:397)
	at org.springframework.boot.SpringApplication.run(SpringApplication.java:316)
	at org.springframework.boot.SpringApplication.run(SpringApplication.java:1260)
	at org.springframework.boot.SpringApplication.run(SpringApplication.java:1248)
	at com.example.demo.DemoApplication.main(DemoApplication.java:10)
	at sun.reflect.NativeMethodAccessorImpl.invoke0(Native Method)
	at sun.reflect.NativeMethodAccessorImpl.invoke(NativeMethodAccessorImpl.java:62)
	at sun.reflect.DelegatingMethodAccessorImpl.invoke(DelegatingMethodAccessorImpl.java:43)
	at java.lang.reflect.Method.invoke(Method.java:498)
	at org.springframework.boot.devtools.restart.RestartLauncher.run(RestartLauncher.java:49)
Caused by: java.lang.IllegalArgumentException: Could not resolve placeholder 'driver_class_name' in value "${driver_class_name}"
	at org.springframework.util.PropertyPlaceholderHelper.parseStringValue(PropertyPlaceholderHelper.java:172)
	at org.springframework.util.PropertyPlaceholderHelper.replacePlaceholders(PropertyPlaceholderHelper.java:124)
	at org.springframework.core.env.AbstractPropertyResolver.doResolvePlaceholders(AbstractPropertyResolver.java:237)
	at org.springframework.core.env.AbstractPropertyResolver.resolveRequiredPlaceholders(AbstractPropertyResolver.java:211)
	at org.springframework.context.support.PropertySourcesPlaceholderConfigurer.lambda$processProperties$0(PropertySourcesPlaceholderConfigurer.java:175)
	at org.springframework.beans.factory.support.AbstractBeanFactory.resolveEmbeddedValue(AbstractBeanFactory.java:851)
	at com.alibaba.nacos.spring.context.annotation.config.NacosValueAnnotationBeanPostProcessor.doGetInjectedBean(NacosValueAnnotationBeanPostProcessor.java:82)
	at com.alibaba.nacos.spring.context.annotation.config.NacosValueAnnotationBeanPostProcessor.doGetInjectedBean(NacosValueAnnotationBeanPostProcessor.java:54)
	at com.alibaba.spring.beans.factory.annotation.AnnotationInjectedBeanPostProcessor.getInjectedObject(AnnotationInjectedBeanPostProcessor.java:330)
	at com.alibaba.spring.beans.factory.annotation.AnnotationInjectedBeanPostProcessor$AnnotatedFieldElement.inject(AnnotationInjectedBeanPostProcessor.java:510)
	at org.springframework.beans.factory.annotation.InjectionMetadata.inject(InjectionMetadata.java:90)
	at com.alibaba.spring.beans.factory.annotation.AnnotationInjectedBeanPostProcessor.postProcessPropertyValues(AnnotationInjectedBeanPostProcessor.java:118)
	... 22 common frames omitted
2020-10-22 20:26:32 [restartedMain] INFO  com.example.demo.DemoApplication Line:50  - Starting DemoApplication on MS-UFIYVLDHDZMG with PID 2896 (D:\boot-nacos-master\target\classes started by Administrator in D:\boot-nacos-master)
2020-10-22 20:26:32 [restartedMain] INFO  com.example.demo.DemoApplication Line:679 - The following profiles are active: dev
2020-10-22 20:26:32 [restartedMain] INFO  org.springframework.boot.devtools.env.DevToolsPropertyDefaultsPostProcessor Line:227 - Devtools property defaults active! Set 'spring.devtools.add-properties' to 'false' to disable
2020-10-22 20:26:32 [restartedMain] INFO  org.springframework.boot.devtools.env.DevToolsPropertyDefaultsPostProcessor Line:227 - For additional web related logging consider setting the 'logging.level.web' property to 'DEBUG'
2020-10-22 20:26:33 [restartedMain] INFO  com.alibaba.nacos.client.identify.CredentialWatcher Line:99  - [] [] [] No credential found
2020-10-22 20:26:35 [restartedMain] INFO  org.springframework.context.support.PostProcessorRegistrationDelegate$BeanPostProcessorChecker Line:330 - Bean 'org.springframework.transaction.annotation.ProxyTransactionManagementConfiguration' of type [org.springframework.transaction.annotation.ProxyTransactionManagementConfiguration$$EnhancerBySpringCGLIB$$4fb02f8] is not eligible for getting processed by all BeanPostProcessors (for example: not eligible for auto-proxying)
2020-10-22 20:26:36 [restartedMain] INFO  org.springframework.boot.web.embedded.tomcat.TomcatWebServer Line:90  - Tomcat initialized with port(s): 8080 (http)
2020-10-22 20:26:36 [restartedMain] INFO  org.apache.coyote.http11.Http11NioProtocol Line:173 - Initializing ProtocolHandler ["http-nio-0.0.0.0-8080"]
2020-10-22 20:26:36 [restartedMain] INFO  org.apache.catalina.core.StandardService Line:173 - Starting service [Tomcat]
2020-10-22 20:26:36 [restartedMain] INFO  org.apache.catalina.core.StandardEngine Line:173 - Starting Servlet engine: [Apache Tomcat/9.0.16]
2020-10-22 20:26:36 [restartedMain] INFO  org.apache.catalina.core.AprLifecycleListener Line:173 - The APR based Apache Tomcat Native library which allows optimal performance in production environments was not found on the java.library.path: [C:\Program Files\Java\jdk1.8.0_191\bin;C:\Windows\Sun\Java\bin;C:\Windows\system32;C:\Windows;C:\Windows\system32;C:\Windows;C:\Windows\System32\Wbem;C:\Windows\System32\WindowsPowerShell\v1.0\;C:\Program Files\Java\jdk1.8.0_191\bin;C:\Program Files\Java\jdk1.8.0_191\jre\bin;C:\Program Files\erl-23.0\bin;C:\Program Files\RabbitMQ Server\rabbitmq_server-3.8.5\sbin;C:\Program Files\erl-23.0\bin;D:\node\;C:\Program Files\Git\cmd;C:\Users\Administrator\AppData\Roaming\npm;.]
2020-10-22 20:26:37 [restartedMain] INFO  org.apache.catalina.core.ContainerBase.[Tomcat].[localhost].[/] Line:173 - Initializing Spring embedded WebApplicationContext
2020-10-22 20:26:37 [restartedMain] INFO  org.springframework.web.context.ContextLoader Line:296 - Root WebApplicationContext: initialization completed in 4984 ms
2020-10-22 20:26:40 [restartedMain] INFO  org.springframework.scheduling.concurrent.ThreadPoolTaskExecutor Line:171 - Initializing ExecutorService 'applicationTaskExecutor'
2020-10-22 20:26:41 [restartedMain] INFO  org.springframework.boot.devtools.autoconfigure.OptionalLiveReloadServer Line:57  - LiveReload server is running on port 35729
2020-10-22 20:26:41 [restartedMain] INFO  com.alibaba.nacos.spring.context.event.LoggingNacosConfigMetadataEventListener Line:55  - Nacos Config Metadata : dataId='mytest_dev', groupId='DEFAULT_GROUP', beanName='databaseConfig', bean='null', beanType='class com.example.demo.config.DatabaseConfig', annotatedElement='null', xmlResource='null', nacosProperties='{namespace=5663fb85-de46-473a-a222-c80b34b3c51c, serverAddr=localhost:8848, encode=UTF-8}', nacosPropertiesAttributes='{encode=${nacos.encode:UTF-8}, endpoint=${nacos.endpoint:}, accessKey=${nacos.access-key:}, secretKey=${nacos.secret-key:}, serverAddr=${nacos.server-addr:}, contextPath=${nacos.context-path:}, clusterName=${nacos.cluster-name:}, namespace=${nacos.namespace:}}', source='org.springframework.core.type.classreading.AnnotationMetadataReadingVisitor@677eae5d', timestamp='1603369593909'
2020-10-22 20:26:41 [restartedMain] INFO  org.apache.coyote.http11.Http11NioProtocol Line:173 - Starting ProtocolHandler ["http-nio-0.0.0.0-8080"]
2020-10-22 20:26:42 [restartedMain] INFO  org.springframework.boot.web.embedded.tomcat.TomcatWebServer Line:204 - Tomcat started on port(s): 8080 (http) with context path ''
2020-10-22 20:26:42 [restartedMain] INFO  com.example.demo.DemoApplication Line:59  - Started DemoApplication in 12.606 seconds (JVM running for 15.66)
2020-10-22 20:30:22 [http-nio-0.0.0.0-8080-exec-2] INFO  org.apache.catalina.core.ContainerBase.[Tomcat].[localhost].[/] Line:173 - Initializing Spring DispatcherServlet 'dispatcherServlet'
2020-10-22 20:30:22 [http-nio-0.0.0.0-8080-exec-2] INFO  org.springframework.web.servlet.DispatcherServlet Line:524 - Initializing Servlet 'dispatcherServlet'
2020-10-22 20:30:22 [http-nio-0.0.0.0-8080-exec-2] INFO  org.springframework.web.servlet.DispatcherServlet Line:546 - Completed initialization in 184 ms
2020-10-22 20:30:24 [http-nio-0.0.0.0-8080-exec-2] INFO  com.alibaba.druid.pool.DruidDataSource Line:991 - {dataSource-1} inited
2020-10-22 20:30:24 [http-nio-0.0.0.0-8080-exec-2] ERROR org.apache.catalina.core.ContainerBase.[Tomcat].[localhost].[/].[dispatcherServlet] Line:175 - Servlet.service() for servlet [dispatcherServlet] in context with path [] threw exception [Request processing failed; nested exception is org.springframework.jdbc.BadSqlGrammarException: 
### Error querying database.  Cause: com.mysql.jdbc.exceptions.jdbc4.MySQLSyntaxErrorException: Table 'mytest_dev.user' doesn't exist
### The error may exist in file [D:\boot-nacos-master\target\classes\mapper\UserMapper.xml]
### The error may involve com.example.demo.dao.UserMapper.selectByExample-Inline
### The error occurred while setting parameters
### SQL: select                 id, name         from user
### Cause: com.mysql.jdbc.exceptions.jdbc4.MySQLSyntaxErrorException: Table 'mytest_dev.user' doesn't exist
; bad SQL grammar []; nested exception is com.mysql.jdbc.exceptions.jdbc4.MySQLSyntaxErrorException: Table 'mytest_dev.user' doesn't exist] with root cause
com.mysql.jdbc.exceptions.jdbc4.MySQLSyntaxErrorException: Table 'mytest_dev.user' doesn't exist
	at sun.reflect.NativeConstructorAccessorImpl.newInstance0(Native Method)
	at sun.reflect.NativeConstructorAccessorImpl.newInstance(NativeConstructorAccessorImpl.java:62)
	at sun.reflect.DelegatingConstructorAccessorImpl.newInstance(DelegatingConstructorAccessorImpl.java:45)
	at java.lang.reflect.Constructor.newInstance(Constructor.java:423)
	at com.mysql.jdbc.Util.handleNewInstance(Util.java:425)
	at com.mysql.jdbc.Util.getInstance(Util.java:408)
	at com.mysql.jdbc.SQLError.createSQLException(SQLError.java:944)
	at com.mysql.jdbc.MysqlIO.checkErrorPacket(MysqlIO.java:3978)
	at com.mysql.jdbc.MysqlIO.checkErrorPacket(MysqlIO.java:3914)
	at com.mysql.jdbc.MysqlIO.sendCommand(MysqlIO.java:2530)
	at com.mysql.jdbc.MysqlIO.sqlQueryDirect(MysqlIO.java:2683)
	at com.mysql.jdbc.ConnectionImpl.execSQL(ConnectionImpl.java:2495)
	at com.mysql.jdbc.PreparedStatement.executeInternal(PreparedStatement.java:1903)
	at com.mysql.jdbc.PreparedStatement.execute(PreparedStatement.java:1242)
	at com.alibaba.druid.pool.DruidPooledPreparedStatement.execute(DruidPooledPreparedStatement.java:497)
	at sun.reflect.NativeMethodAccessorImpl.invoke0(Native Method)
	at sun.reflect.NativeMethodAccessorImpl.invoke(NativeMethodAccessorImpl.java:62)
	at sun.reflect.DelegatingMethodAccessorImpl.invoke(DelegatingMethodAccessorImpl.java:43)
	at java.lang.reflect.Method.invoke(Method.java:498)
	at org.apache.ibatis.logging.jdbc.PreparedStatementLogger.invoke(PreparedStatementLogger.java:59)
	at com.sun.proxy.$Proxy75.execute(Unknown Source)
	at org.apache.ibatis.executor.statement.PreparedStatementHandler.query(PreparedStatementHandler.java:64)
	at org.apache.ibatis.executor.statement.RoutingStatementHandler.query(RoutingStatementHandler.java:79)
	at org.apache.ibatis.executor.SimpleExecutor.doQuery(SimpleExecutor.java:63)
	at org.apache.ibatis.executor.BaseExecutor.queryFromDatabase(BaseExecutor.java:324)
	at org.apache.ibatis.executor.BaseExecutor.query(BaseExecutor.java:156)
	at org.apache.ibatis.executor.CachingExecutor.query(CachingExecutor.java:109)
	at org.apache.ibatis.executor.CachingExecutor.query(CachingExecutor.java:83)
	at org.apache.ibatis.session.defaults.DefaultSqlSession.selectList(DefaultSqlSession.java:148)
	at org.apache.ibatis.session.defaults.DefaultSqlSession.selectList(DefaultSqlSession.java:141)
	at sun.reflect.NativeMethodAccessorImpl.invoke0(Native Method)
	at sun.reflect.NativeMethodAccessorImpl.invoke(NativeMethodAccessorImpl.java:62)
	at sun.reflect.DelegatingMethodAccessorImpl.invoke(DelegatingMethodAccessorImpl.java:43)
	at java.lang.reflect.Method.invoke(Method.java:498)
	at org.mybatis.spring.SqlSessionTemplate$SqlSessionInterceptor.invoke(SqlSessionTemplate.java:433)
	at com.sun.proxy.$Proxy62.selectList(Unknown Source)
	at org.mybatis.spring.SqlSessionTemplate.selectList(SqlSessionTemplate.java:230)
	at org.apache.ibatis.binding.MapperMethod.executeForMany(MapperMethod.java:144)
	at org.apache.ibatis.binding.MapperMethod.execute(MapperMethod.java:77)
	at org.apache.ibatis.binding.MapperProxy.invoke(MapperProxy.java:58)
	at com.sun.proxy.$Proxy63.selectByExample(Unknown Source)
	at com.example.demo.service.impl.UserServiceImpl.getUserList(UserServiceImpl.java:22)
	at com.example.demo.controller.UserController.getUsers(UserController.java:20)
	at sun.reflect.NativeMethodAccessorImpl.invoke0(Native Method)
	at sun.reflect.NativeMethodAccessorImpl.invoke(NativeMethodAccessorImpl.java:62)
	at sun.reflect.DelegatingMethodAccessorImpl.invoke(DelegatingMethodAccessorImpl.java:43)
	at java.lang.reflect.Method.invoke(Method.java:498)
	at org.springframework.web.method.support.InvocableHandlerMethod.doInvoke(InvocableHandlerMethod.java:189)
	at org.springframework.web.method.support.InvocableHandlerMethod.invokeForRequest(InvocableHandlerMethod.java:138)
	at org.springframework.web.servlet.mvc.method.annotation.ServletInvocableHandlerMethod.invokeAndHandle(ServletInvocableHandlerMethod.java:102)
	at org.springframework.web.servlet.mvc.method.annotation.RequestMappingHandlerAdapter.invokeHandlerMethod(RequestMappingHandlerAdapter.java:895)
	at org.springframework.web.servlet.mvc.method.annotation.RequestMappingHandlerAdapter.handleInternal(RequestMappingHandlerAdapter.java:800)
	at org.springframework.web.servlet.mvc.method.AbstractHandlerMethodAdapter.handle(AbstractHandlerMethodAdapter.java:87)
	at org.springframework.web.servlet.DispatcherServlet.doDispatch(DispatcherServlet.java:1038)
	at org.springframework.web.servlet.DispatcherServlet.doService(DispatcherServlet.java:942)
	at org.springframework.web.servlet.FrameworkServlet.processRequest(FrameworkServlet.java:1005)
	at org.springframework.web.servlet.FrameworkServlet.doGet(FrameworkServlet.java:897)
	at javax.servlet.http.HttpServlet.service(HttpServlet.java:634)
	at org.springframework.web.servlet.FrameworkServlet.service(FrameworkServlet.java:882)
	at javax.servlet.http.HttpServlet.service(HttpServlet.java:741)
	at org.apache.catalina.core.ApplicationFilterChain.internalDoFilter(ApplicationFilterChain.java:231)
	at org.apache.catalina.core.ApplicationFilterChain.doFilter(ApplicationFilterChain.java:166)
	at org.apache.tomcat.websocket.server.WsFilter.doFilter(WsFilter.java:53)
	at org.apache.catalina.core.ApplicationFilterChain.internalDoFilter(ApplicationFilterChain.java:193)
	at org.apache.catalina.core.ApplicationFilterChain.doFilter(ApplicationFilterChain.java:166)
	at org.springframework.web.filter.RequestContextFilter.doFilterInternal(RequestContextFilter.java:99)
	at org.springframework.web.filter.OncePerRequestFilter.doFilter(OncePerRequestFilter.java:107)
	at org.apache.catalina.core.ApplicationFilterChain.internalDoFilter(ApplicationFilterChain.java:193)
	at org.apache.catalina.core.ApplicationFilterChain.doFilter(ApplicationFilterChain.java:166)
	at org.springframework.web.filter.FormContentFilter.doFilterInternal(FormContentFilter.java:92)
	at org.springframework.web.filter.OncePerRequestFilter.doFilter(OncePerRequestFilter.java:107)
	at org.apache.catalina.core.ApplicationFilterChain.internalDoFilter(ApplicationFilterChain.java:193)
	at org.apache.catalina.core.ApplicationFilterChain.doFilter(ApplicationFilterChain.java:166)
	at org.springframework.web.filter.HiddenHttpMethodFilter.doFilterInternal(HiddenHttpMethodFilter.java:93)
	at org.springframework.web.filter.OncePerRequestFilter.doFilter(OncePerRequestFilter.java:107)
	at org.apache.catalina.core.ApplicationFilterChain.internalDoFilter(ApplicationFilterChain.java:193)
	at org.apache.catalina.core.ApplicationFilterChain.doFilter(ApplicationFilterChain.java:166)
	at org.springframework.web.filter.CharacterEncodingFilter.doFilterInternal(CharacterEncodingFilter.java:200)
	at org.springframework.web.filter.OncePerRequestFilter.doFilter(OncePerRequestFilter.java:107)
	at org.apache.catalina.core.ApplicationFilterChain.internalDoFilter(ApplicationFilterChain.java:193)
	at org.apache.catalina.core.ApplicationFilterChain.doFilter(ApplicationFilterChain.java:166)
	at org.apache.catalina.core.StandardWrapperValve.invoke(StandardWrapperValve.java:200)
	at org.apache.catalina.core.StandardContextValve.invoke(StandardContextValve.java:96)
	at org.apache.catalina.authenticator.AuthenticatorBase.invoke(AuthenticatorBase.java:490)
	at org.apache.catalina.core.StandardHostValve.invoke(StandardHostValve.java:139)
	at org.apache.catalina.valves.ErrorReportValve.invoke(ErrorReportValve.java:92)
	at org.apache.catalina.core.StandardEngineValve.invoke(StandardEngineValve.java:74)
	at org.apache.catalina.connector.CoyoteAdapter.service(CoyoteAdapter.java:343)
	at org.apache.coyote.http11.Http11Processor.service(Http11Processor.java:408)
	at org.apache.coyote.AbstractProcessorLight.process(AbstractProcessorLight.java:66)
	at org.apache.coyote.AbstractProtocol$ConnectionHandler.process(AbstractProtocol.java:834)
	at org.apache.tomcat.util.net.NioEndpoint$SocketProcessor.doRun(NioEndpoint.java:1415)
	at org.apache.tomcat.util.net.SocketProcessorBase.run(SocketProcessorBase.java:49)
	at java.util.concurrent.ThreadPoolExecutor.runWorker(ThreadPoolExecutor.java:1149)
	at java.util.concurrent.ThreadPoolExecutor$Worker.run(ThreadPoolExecutor.java:624)
	at org.apache.tomcat.util.threads.TaskThread$WrappingRunnable.run(TaskThread.java:61)
	at java.lang.Thread.run(Thread.java:748)
2020-10-22 20:37:21 [restartedMain] INFO  com.example.demo.DemoApplication Line:50  - Starting DemoApplication on MS-UFIYVLDHDZMG with PID 5848 (D:\boot-nacos-master\target\classes started by Administrator in D:\boot-nacos-master)
2020-10-22 20:37:21 [restartedMain] INFO  com.example.demo.DemoApplication Line:679 - The following profiles are active: dev
2020-10-22 20:37:22 [restartedMain] INFO  org.springframework.boot.devtools.env.DevToolsPropertyDefaultsPostProcessor Line:227 - Devtools property defaults active! Set 'spring.devtools.add-properties' to 'false' to disable
2020-10-22 20:37:22 [restartedMain] INFO  org.springframework.boot.devtools.env.DevToolsPropertyDefaultsPostProcessor Line:227 - For additional web related logging consider setting the 'logging.level.web' property to 'DEBUG'
2020-10-22 20:37:23 [restartedMain] INFO  com.alibaba.nacos.client.identify.CredentialWatcher Line:99  - [] [] [] No credential found
2020-10-22 20:37:24 [restartedMain] INFO  org.springframework.context.support.PostProcessorRegistrationDelegate$BeanPostProcessorChecker Line:330 - Bean 'org.springframework.transaction.annotation.ProxyTransactionManagementConfiguration' of type [org.springframework.transaction.annotation.ProxyTransactionManagementConfiguration$$EnhancerBySpringCGLIB$$3a421fb2] is not eligible for getting processed by all BeanPostProcessors (for example: not eligible for auto-proxying)
2020-10-22 20:37:25 [restartedMain] INFO  org.springframework.boot.web.embedded.tomcat.TomcatWebServer Line:90  - Tomcat initialized with port(s): 8080 (http)
2020-10-22 20:37:25 [restartedMain] INFO  org.apache.coyote.http11.Http11NioProtocol Line:173 - Initializing ProtocolHandler ["http-nio-0.0.0.0-8080"]
2020-10-22 20:37:25 [restartedMain] INFO  org.apache.catalina.core.StandardService Line:173 - Starting service [Tomcat]
2020-10-22 20:37:25 [restartedMain] INFO  org.apache.catalina.core.StandardEngine Line:173 - Starting Servlet engine: [Apache Tomcat/9.0.16]
2020-10-22 20:37:25 [restartedMain] INFO  org.apache.catalina.core.AprLifecycleListener Line:173 - The APR based Apache Tomcat Native library which allows optimal performance in production environments was not found on the java.library.path: [C:\Program Files\Java\jdk1.8.0_191\bin;C:\Windows\Sun\Java\bin;C:\Windows\system32;C:\Windows;C:\Windows\system32;C:\Windows;C:\Windows\System32\Wbem;C:\Windows\System32\WindowsPowerShell\v1.0\;C:\Program Files\Java\jdk1.8.0_191\bin;C:\Program Files\Java\jdk1.8.0_191\jre\bin;C:\Program Files\erl-23.0\bin;C:\Program Files\RabbitMQ Server\rabbitmq_server-3.8.5\sbin;C:\Program Files\erl-23.0\bin;D:\node\;C:\Program Files\Git\cmd;C:\Users\Administrator\AppData\Roaming\npm;.]
2020-10-22 20:37:26 [restartedMain] INFO  org.apache.catalina.core.ContainerBase.[Tomcat].[localhost].[/] Line:173 - Initializing Spring embedded WebApplicationContext
2020-10-22 20:37:26 [restartedMain] INFO  org.springframework.web.context.ContextLoader Line:296 - Root WebApplicationContext: initialization completed in 4033 ms
2020-10-22 20:37:28 [restartedMain] INFO  org.springframework.scheduling.concurrent.ThreadPoolTaskExecutor Line:171 - Initializing ExecutorService 'applicationTaskExecutor'
2020-10-22 20:37:30 [restartedMain] INFO  org.springframework.boot.devtools.autoconfigure.OptionalLiveReloadServer Line:57  - LiveReload server is running on port 35729
2020-10-22 20:37:30 [restartedMain] INFO  com.alibaba.nacos.spring.context.event.LoggingNacosConfigMetadataEventListener Line:55  - Nacos Config Metadata : dataId='mytest_dev', groupId='DEFAULT_GROUP', beanName='databaseConfig', bean='null', beanType='class com.example.demo.config.DatabaseConfig', annotatedElement='null', xmlResource='null', nacosProperties='{namespace=5663fb85-de46-473a-a222-c80b34b3c51c, serverAddr=localhost:8848, encode=UTF-8}', nacosPropertiesAttributes='{encode=${nacos.encode:UTF-8}, namespace=${nacos.namespace:}, endpoint=${nacos.endpoint:}, accessKey=${nacos.access-key:}, secretKey=${nacos.secret-key:}, serverAddr=${nacos.server-addr:}, contextPath=${nacos.context-path:}, clusterName=${nacos.cluster-name:}}', source='org.springframework.core.type.classreading.AnnotationMetadataReadingVisitor@42e8f54b', timestamp='1603370243985'
2020-10-22 20:37:31 [restartedMain] INFO  org.apache.coyote.http11.Http11NioProtocol Line:173 - Starting ProtocolHandler ["http-nio-0.0.0.0-8080"]
2020-10-22 20:37:31 [restartedMain] INFO  org.springframework.boot.web.embedded.tomcat.TomcatWebServer Line:204 - Tomcat started on port(s): 8080 (http) with context path ''
2020-10-22 20:37:31 [restartedMain] INFO  com.example.demo.DemoApplication Line:59  - Started DemoApplication in 11.215 seconds (JVM running for 14.53)
2020-10-22 20:37:58 [http-nio-0.0.0.0-8080-exec-1] INFO  org.apache.catalina.core.ContainerBase.[Tomcat].[localhost].[/] Line:173 - Initializing Spring DispatcherServlet 'dispatcherServlet'
2020-10-22 20:37:58 [http-nio-0.0.0.0-8080-exec-1] INFO  org.springframework.web.servlet.DispatcherServlet Line:524 - Initializing Servlet 'dispatcherServlet'
2020-10-22 20:37:58 [http-nio-0.0.0.0-8080-exec-1] INFO  org.springframework.web.servlet.DispatcherServlet Line:546 - Completed initialization in 38 ms
2020-10-22 20:37:58 [http-nio-0.0.0.0-8080-exec-1] INFO  com.alibaba.druid.pool.DruidDataSource Line:991 - {dataSource-1} inited
2020-10-22 20:57:55 [restartedMain] INFO  com.example.demo.DemoApplication Line:50  - Starting DemoApplication on MS-UFIYVLDHDZMG with PID 3484 (D:\boot-nacos-master\target\classes started by Administrator in D:\boot-nacos-master)
2020-10-22 20:57:55 [restartedMain] INFO  com.example.demo.DemoApplication Line:679 - The following profiles are active: dev
2020-10-22 20:57:56 [restartedMain] INFO  org.springframework.boot.devtools.env.DevToolsPropertyDefaultsPostProcessor Line:227 - Devtools property defaults active! Set 'spring.devtools.add-properties' to 'false' to disable
2020-10-22 20:57:56 [restartedMain] INFO  org.springframework.boot.devtools.env.DevToolsPropertyDefaultsPostProcessor Line:227 - For additional web related logging consider setting the 'logging.level.web' property to 'DEBUG'
2020-10-22 20:57:58 [restartedMain] INFO  com.alibaba.nacos.client.identify.CredentialWatcher Line:99  - [] [] [] No credential found
2020-10-22 20:57:59 [restartedMain] INFO  org.springframework.context.support.PostProcessorRegistrationDelegate$BeanPostProcessorChecker Line:330 - Bean 'org.springframework.transaction.annotation.ProxyTransactionManagementConfiguration' of type [org.springframework.transaction.annotation.ProxyTransactionManagementConfiguration$$EnhancerBySpringCGLIB$$b7aac3ef] is not eligible for getting processed by all BeanPostProcessors (for example: not eligible for auto-proxying)
2020-10-22 20:58:00 [restartedMain] INFO  org.springframework.boot.web.embedded.tomcat.TomcatWebServer Line:90  - Tomcat initialized with port(s): 8080 (http)
2020-10-22 20:58:00 [restartedMain] INFO  org.apache.coyote.http11.Http11NioProtocol Line:173 - Initializing ProtocolHandler ["http-nio-0.0.0.0-8080"]
2020-10-22 20:58:00 [restartedMain] INFO  org.apache.catalina.core.StandardService Line:173 - Starting service [Tomcat]
2020-10-22 20:58:00 [restartedMain] INFO  org.apache.catalina.core.StandardEngine Line:173 - Starting Servlet engine: [Apache Tomcat/9.0.16]
2020-10-22 20:58:00 [restartedMain] INFO  org.apache.catalina.core.AprLifecycleListener Line:173 - The APR based Apache Tomcat Native library which allows optimal performance in production environments was not found on the java.library.path: [C:\Program Files\Java\jdk1.8.0_191\bin;C:\Windows\Sun\Java\bin;C:\Windows\system32;C:\Windows;C:\Windows\system32;C:\Windows;C:\Windows\System32\Wbem;C:\Windows\System32\WindowsPowerShell\v1.0\;C:\Program Files\Java\jdk1.8.0_191\bin;C:\Program Files\Java\jdk1.8.0_191\jre\bin;C:\Program Files\erl-23.0\bin;C:\Program Files\RabbitMQ Server\rabbitmq_server-3.8.5\sbin;C:\Program Files\erl-23.0\bin;D:\node\;C:\Program Files\Git\cmd;C:\Users\Administrator\AppData\Roaming\npm;.]
2020-10-22 20:58:00 [restartedMain] INFO  org.apache.catalina.core.ContainerBase.[Tomcat].[localhost].[/] Line:173 - Initializing Spring embedded WebApplicationContext
2020-10-22 20:58:00 [restartedMain] INFO  org.springframework.web.context.ContextLoader Line:296 - Root WebApplicationContext: initialization completed in 4357 ms
2020-10-22 20:58:02 [restartedMain] INFO  org.springframework.scheduling.concurrent.ThreadPoolTaskExecutor Line:171 - Initializing ExecutorService 'applicationTaskExecutor'
2020-10-22 20:58:02 [restartedMain] INFO  org.springframework.boot.devtools.autoconfigure.OptionalLiveReloadServer Line:57  - LiveReload server is running on port 35729
2020-10-22 20:58:02 [restartedMain] INFO  com.alibaba.nacos.spring.context.event.LoggingNacosConfigMetadataEventListener Line:55  - Nacos Config Metadata : dataId='mytest', groupId='DEFAULT_GROUP', beanName='databaseConfig', bean='null', beanType='class com.example.demo.config.DatabaseConfig', annotatedElement='null', xmlResource='null', nacosProperties='{namespace=f33b86c6-bcb3-45c3-a92f-d8340a2ce2fa, serverAddr=localhost:8848, encode=UTF-8}', nacosPropertiesAttributes='{encode=${nacos.encode:UTF-8}, endpoint=${nacos.endpoint:}, accessKey=${nacos.access-key:}, secretKey=${nacos.secret-key:}, serverAddr=${nacos.server-addr:}, contextPath=${nacos.context-path:}, clusterName=${nacos.cluster-name:}, namespace=${nacos.namespace:}}', source='org.springframework.core.type.classreading.AnnotationMetadataReadingVisitor@6426d2f2', timestamp='1603371478308'
2020-10-22 20:58:02 [restartedMain] INFO  org.apache.coyote.http11.Http11NioProtocol Line:173 - Starting ProtocolHandler ["http-nio-0.0.0.0-8080"]
2020-10-22 20:58:02 [restartedMain] INFO  org.springframework.boot.web.embedded.tomcat.TomcatWebServer Line:204 - Tomcat started on port(s): 8080 (http) with context path ''
2020-10-22 20:58:02 [restartedMain] INFO  com.example.demo.DemoApplication Line:59  - Started DemoApplication in 8.885 seconds (JVM running for 12.326)
2020-10-22 20:58:16 [http-nio-0.0.0.0-8080-exec-1] INFO  org.apache.catalina.core.ContainerBase.[Tomcat].[localhost].[/] Line:173 - Initializing Spring DispatcherServlet 'dispatcherServlet'
2020-10-22 20:58:16 [http-nio-0.0.0.0-8080-exec-1] INFO  org.springframework.web.servlet.DispatcherServlet Line:524 - Initializing Servlet 'dispatcherServlet'
2020-10-22 20:58:16 [http-nio-0.0.0.0-8080-exec-1] INFO  org.springframework.web.servlet.DispatcherServlet Line:546 - Completed initialization in 50 ms
2020-10-22 20:58:16 [http-nio-0.0.0.0-8080-exec-1] INFO  com.alibaba.druid.pool.DruidDataSource Line:991 - {dataSource-1} inited
